<?xml version="1.0" encoding="UTF-8"?>
<!-- Generated by org.testng.reporters.JUnitReportReporter -->
<testsuite hostname="Hameed" failures="0" tests="14" name="test_execution_package.TestExecution" time="563.057" errors="0" timestamp="2024-06-08T00:22:07 IST" skipped="0">
  <testcase classname="test_execution_package.TestExecution" name="ValidateCreateNewAccountFunction" time="19.955"/>
  <system-out/>
  <testcase classname="test_execution_package.TestExecution" name="ValidateCreateNewAccountFunction" time="15.876"/>
  <system-out/>
  <testcase classname="test_execution_package.TestExecution" name="ValidateCreateNewAccountFunction" time="15.634"/>
  <system-out/>
  <testcase classname="test_execution_package.TestExecution" name="ValidateCreateNewAccountFunctionMissingOneField" time="45.911"/>
  <system-out/>
  <testcase classname="test_execution_package.TestExecution" name="ValidateSignInFunction" time="10.204"/>
  <system-out/>
  <testcase classname="test_execution_package.TestExecution" name="ValidateSignInFunction" time="17.634"/>
  <system-out/>
  <testcase classname="test_execution_package.TestExecution" name="ValidateSignInFunction" time="15.775"/>
  <system-out/>
  <testcase classname="test_execution_package.TestExecution" name="ValidateSignInFunction" time="15.959"/>
  <system-out/>
  <testcase classname="test_execution_package.TestExecution" name="ValidateAllMenuAndFooterLinks" time="88.005"/>
  <system-out/>
  <testcase classname="test_execution_package.TestExecution" name="ValidateSearchAndAddItemToCart" time="43.992"/>
  <system-out/>
  <testcase classname="test_execution_package.TestExecution" name="validateSearchAndFilter" time="25.523"/>
  <system-out/>
  <testcase classname="test_execution_package.TestExecution" name="validateAddingItemfromMenu" time="53.577"/>
  <system-out/>
  <testcase classname="test_execution_package.TestExecution" name="validateAddingItemfromMenuViaBrand" time="66.584"/>
  <system-out/>
  <testcase classname="test_execution_package.TestExecution" name="validateAddingMultipleItemsTocartAndCheckout" time="128.428"/>
  <system-out/>
</testsuite> <!-- test_execution_package.TestExecution -->
