<?xml version="1.0" encoding="UTF-8"?>
<!-- Generated by org.testng.reporters.JUnitReportReporter -->
<testsuite hostname="Hameed" failures="0" tests="1" name="test_execution_package.TestExecution" time="40.229" errors="0" timestamp="2024-06-08T09:38:33 IST" skipped="0">
  <testcase classname="test_execution_package.TestExecution" name="validateAddingItemfromMenuViaBrand" time="40.229"/>
  <system-out/>
</testsuite> <!-- test_execution_package.TestExecution -->
